<beans xmlns="http://www.springframework.org/schema/beans"
	xmlns:mvc="http://www.springframework.org/schema/mvc" xmlns:xsi="http://www.w3.org/2001/XMLSchema-instance"
	xmlns:tx="http://www.springframework.org/schema/tx"
	xsi:schemaLocation="http://www.springframework.org/schema/beans	
	http://www.springframework.org/schema/beans/spring-beans-3.0.xsd
	http://www.springframework.org/schema/mvc 
    http://www.springframework.org/schema/mvc/spring-mvc-3.0.xsd">

	<bean id="dataSource"
		class="org.springframework.jdbc.datasource.DriverManagerDataSource">

		<property name="driverClassName" value="com.mysql.jdbc.Driver" />
		<property name="url"
			value="jdbc:mysql://50.87.149.75:3306/geoffrey_franklinbookapp" />
		<property name="username" value="geoffrey_tester" />
		<property name="password" value="tester1" />
	</bean>

	<bean id="hibernate4AnnotatedSessionFactory"
		class="org.springframework.orm.hibernate4.LocalSessionFactoryBean">
		<property name="dataSource" ref="dataSource" />
		<property name="annotatedClasses">
			<list>
				<value>com.booksellingapp.model.User</value>
				<value>com.booksellingapp.model.UserRole</value>
				<value>com.booksellingapp.model.Listing</value>
				<value>com.booksellingapp.model.Image</value>
				<value>com.booksellingapp.model.UserTransaction</value>

			</list>
		</property>
		<property name="hibernateProperties">
			<props>
				<prop key="hibernate.dialect">org.hibernate.dialect.MySQLDialect</prop>
				<prop key="hibernate.current_session_context_class">thread</prop>
				<prop key="hibernate.show_sql">false</prop>
			</props>
		</property>
	</bean>

	<!-- Initialization for TransactionManager -->
	<bean id="transactionManager"
		class="org.springframework.jdbc.datasource.DataSourceTransactionManager">
		<property name="dataSource" ref="dataSource" />
	</bean>

	<bean id="userDAO" class="com.booksellingapp.dao.UserDAOImpl">
		<!-- <constructor-arg> <ref bean="sessionFactory" /> </constructor-arg> -->
		<property name="sessionFactory" ref="hibernate4AnnotatedSessionFactory" />
	</bean>

	<bean id="userRoleDAO" class="com.booksellingapp.dao.UserRoleDAOImpl">
		<!-- <constructor-arg> <ref bean="sessionFactory" /> </constructor-arg> -->
		<property name="sessionFactory" ref="hibernate4AnnotatedSessionFactory" />
	</bean>

	<bean id="listingDAO" class="com.booksellingapp.dao.ListingDAOImpl">
		<!-- <constructor-arg> <ref bean="sessionFactory" /> </constructor-arg> -->
		<property name="sessionFactory" ref="hibernate4AnnotatedSessionFactory" />
	</bean>
	<bean id="imageDAO" class="com.booksellingapp.dao.ImageDAOImpl">
		<!-- <constructor-arg> <ref bean="sessionFactory" /> </constructor-arg> -->
		<property name="sessionFactory" ref="hibernate4AnnotatedSessionFactory" />
	</bean>
	<bean id="transactionDAO" class="com.booksellingapp.dao.TransactionDAOImpl">
		<!-- <constructor-arg> <ref bean="sessionFactory" /> </constructor-arg> -->
		<property name="sessionFactory" ref="hibernate4AnnotatedSessionFactory" />
	</bean>


</beans>